# JRE version: OpenJDK Runtime Environment Temurin-21.0.10+7 (21.0.10+7) (build 21.0.10+7-LTS)
# Java VM: OpenJDK 64-Bit Server VM Temurin-21.0.10+7 (21.0.10+7-LTS, mixed mode, sharing, tiered, compressed oops, compressed class ptrs, parallel gc, windows-amd64)
GC Precious Log:
 CardTable entry size: 512
 CPUs: 8 total, 8 available
 Memory: 3917M
 Large Page Support: Disabled
 NUMA Support: Disabled
 Compressed Oops: Enabled (32-bit)
 Alignments: Space 512K, Generation 512K, Heap 2M
 Heap Min Capacity: 100M
 Heap Initial Capacity: 100M
 Heap Max Capacity: 2G
 Pre-touch: Disabled
 Parallel Workers: 8
Heap:
 PSYoungGen      total 10240K, used 9502K [0x00000000d5580000, 0x00000000d6680000, 0x0000000100000000)
  eden space 7680K, 95% used [0x00000000d5580000,0x00000000d5ca64b8,0x00000000d5d00000)
  from space 2560K, 85% used [0x00000000d6400000,0x00000000d66215f8,0x00000000d6680000)
  to   space 3584K, 0% used [0x00000000d5f80000,0x00000000d5f80000,0x00000000d6300000)
 ParOldGen       total 139776K, used 139459K [0x0000000080000000, 0x0000000088880000, 0x00000000d5580000)
  object space 139776K, 99% used [0x0000000080000000,0x0000000088830ee0,0x0000000088880000)
 Metaspace       used 72889K, committed 74496K, reserved 1179648K
  class space    used 7657K, committed 8320K, reserved 1048576K
GC Heap History (20 events):
Event: 2045.575 GC heap before
{Heap before GC invocations=128 (full 3):
 PSYoungGen      total 9728K, used 9718K [0x00000000d5580000, 0x00000000d6b80000, 0x0000000100000000)
  eden space 7680K, 100% used [0x00000000d5580000,0x00000000d5d00000,0x00000000d5d00000)
  from space 2048K, 99% used [0x00000000d6280000,0x00000000d647d8a0,0x00000000d6480000)
  to   space 5632K, 0% used [0x00000000d5d00000,0x00000000d5d00000,0x00000000d6280000)
 ParOldGen       total 96256K, used 95788K [0x0000000080000000, 0x0000000085e00000, 0x00000000d5580000)
  object space 96256K, 99% used [0x0000000080000000,0x0000000085d8b1e0,0x0000000085e00000)
 Metaspace       used 70518K, committed 72064K, reserved 1114112K
  class space    used 7395K, committed 8064K, reserved 1048576K
}
Event: 2045.581 GC heap after
{Heap after GC invocations=128 (full 3):
 PSYoungGen      total 9728K, used 1868K [0x00000000d5580000, 0x00000000d6300000, 0x0000000100000000)
  eden space 7680K, 0% used [0x00000000d5580000,0x00000000d5580000,0x00000000d5d00000)
  from space 2048K, 91% used [0x00000000d5d00000,0x00000000d5ed3318,0x00000000d5f00000)
  to   space 3072K, 0% used [0x00000000d6000000,0x00000000d6000000,0x00000000d6300000)
 ParOldGen       total 97792K, used 97615K [0x0000000080000000, 0x0000000085f80000, 0x00000000d5580000)
  object space 97792K, 99% used [0x0000000080000000,0x0000000085f53c10,0x0000000085f80000)
 Metaspace       used 70518K, committed 72064K, reserved 1114112K
  class space    used 7395K, committed 8064K, reserved 1048576K
}
Event: 2049.851 GC heap before
{Heap before GC invocations=129 (full 3):
 PSYoungGen      total 9728K, used 9548K [0x00000000d5580000, 0x00000000d6300000, 0x0000000100000000)
  eden space 7680K, 100% used [0x00000000d5580000,0x00000000d5d00000,0x00000000d5d00000)
  from space 2048K, 91% used [0x00000000d5d00000,0x00000000d5ed3318,0x00000000d5f00000)
  to   space 3072K, 0% used [0x00000000d6000000,0x00000000d6000000,0x00000000d6300000)
 ParOldGen       total 97792K, used 97615K [0x0000000080000000, 0x0000000085f80000, 0x00000000d5580000)
  object space 97792K, 99% used [0x0000000080000000,0x0000000085f53c10,0x0000000085f80000)
 Metaspace       used 70797K, committed 72384K, reserved 1114112K
  class space    used 7436K, committed 8064K, reserved 1048576K
}
Event: 2049.859 GC heap after
{Heap after GC invocations=129 (full 3):
 PSYoungGen      total 9216K, used 1233K [0x00000000d5580000, 0x00000000d6180000, 0x0000000100000000)
  eden space 7680K, 0% used [0x00000000d5580000,0x00000000d5580000,0x00000000d5d00000)
  from space 1536K, 80% used [0x00000000d6000000,0x00000000d61345a0,0x00000000d6180000)
  to   space 2048K, 0% used [0x00000000d5d80000,0x00000000d5d80000,0x00000000d5f80000)
 ParOldGen       total 99328K, used 99147K [0x0000000080000000, 0x0000000086100000, 0x00000000d5580000)
  object space 99328K, 99% used [0x0000000080000000,0x00000000860d2db0,0x0000000086100000)
 Metaspace       used 70797K, committed 72384K, reserved 1114112K
  class space    used 7436K, committed 8064K, reserved 1048576K
}
Event: 2050.070 GC heap before
{Heap before GC invocations=130 (full 3):
 PSYoungGen      total 9216K, used 8913K [0x00000000d5580000, 0x00000000d6180000, 0x0000000100000000)
  eden space 7680K, 100% used [0x00000000d5580000,0x00000000d5d00000,0x00000000d5d00000)
  from space 1536K, 80% used [0x00000000d6000000,0x00000000d61345a0,0x00000000d6180000)
  to   space 2048K, 0% used [0x00000000d5d80000,0x00000000d5d80000,0x00000000d5f80000)
 ParOldGen       total 99328K, used 99147K [0x0000000080000000, 0x0000000086100000, 0x00000000d5580000)
  object space 99328K, 99% used [0x0000000080000000,0x00000000860d2db0,0x0000000086100000)
 Metaspace       used 70803K, committed 72384K, reserved 1114112K
  class space    used 7436K, committed 8064K, reserved 1048576K
}
Event: 2050.073 GC heap after
{Heap after GC invocations=130 (full 3):
 PSYoungGen      total 9728K, used 554K [0x00000000d5580000, 0x00000000d6080000, 0x0000000100000000)
  eden space 7680K, 0% used [0x00000000d5580000,0x00000000d5580000,0x00000000d5d00000)
  from space 2048K, 27% used [0x00000000d5d80000,0x00000000d5e0a910,0x00000000d5f80000)
  to   space 1024K, 0% used [0x00000000d5f80000,0x00000000d5f80000,0x00000000d6080000)
 ParOldGen       total 100352K, used 99851K [0x0000000080000000, 0x0000000086200000, 0x00000000d5580000)
  object space 100352K, 99% used [0x0000000080000000,0x0000000086182e10,0x0000000086200000)
 Metaspace       used 70803K, committed 72384K, reserved 1114112K
  class space    used 7436K, committed 8064K, reserved 1048576K
}
Event: 2052.322 GC heap before
{Heap before GC invocations=131 (full 3):
 PSYoungGen      total 9728K, used 8234K [0x00000000d5580000, 0x00000000d6080000, 0x0000000100000000)
  eden space 7680K, 100% used [0x00000000d5580000,0x00000000d5d00000,0x00000000d5d00000)
  from space 2048K, 27% used [0x00000000d5d80000,0x00000000d5e0a910,0x00000000d5f80000)
  to   space 1024K, 0% used [0x00000000d5f80000,0x00000000d5f80000,0x00000000d6080000)
 ParOldGen       total 100352K, used 99851K [0x0000000080000000, 0x0000000086200000, 0x00000000d5580000)
  object space 100352K, 99% used [0x0000000080000000,0x0000000086182e10,0x0000000086200000)
 Metaspace       used 71047K, committed 72640K, reserved 1114112K
  class space    used 7448K, committed 8064K, reserved 1048576K
}
Event: 2052.327 GC heap after
{Heap after GC invocations=131 (full 3):
 PSYoungGen      total 8704K, used 974K [0x00000000d5580000, 0x00000000d6080000, 0x0000000100000000)
  eden space 7680K, 0% used [0x00000000d5580000,0x00000000d5580000,0x00000000d5d00000)
  from space 1024K, 95% used [0x00000000d5f80000,0x00000000d6073ae0,0x00000000d6080000)
  to   space 1536K, 0% used [0x00000000d5d80000,0x00000000d5d80000,0x00000000d5f00000)
 ParOldGen       total 100352K, used 99859K [0x0000000080000000, 0x0000000086200000, 0x00000000d5580000)
  object space 100352K, 99% used [0x0000000080000000,0x0000000086184e10,0x0000000086200000)
 Metaspace       used 71047K, committed 72640K, reserved 1114112K
  class space    used 7448K, committed 8064K, reserved 1048576K
}
Event: 2054.297 GC heap before
{Heap before GC invocations=132 (full 3):
 PSYoungGen      total 8704K, used 8654K [0x00000000d5580000, 0x00000000d6080000, 0x0000000100000000)
  eden space 7680K, 100% used [0x00000000d5580000,0x00000000d5d00000,0x00000000d5d00000)
  from space 1024K, 95% used [0x00000000d5f80000,0x00000000d6073ae0,0x00000000d6080000)
  to   space 1536K, 0% used [0x00000000d5d80000,0x00000000d5d80000,0x00000000d5f00000)
 ParOldGen       total 100352K, used 99859K [0x0000000080000000, 0x0000000086200000, 0x00000000d5580000)
  object space 100352K, 99% used [0x0000000080000000,0x0000000086184e10,0x0000000086200000)
 Metaspace       used 71186K, committed 72704K, reserved 1114112K
  class space    used 7460K, committed 8064K, reserved 1048576K
}
Event: 2054.302 GC heap after
{Heap after GC invocations=132 (full 3):
 PSYoungGen      total 9216K, used 1536K [0x00000000d5580000, 0x00000000d6200000, 0x0000000100000000)
  eden space 7680K, 0% used [0x00000000d5580000,0x00000000d5580000,0x00000000d5d00000)
  from space 1536K, 100% used [0x00000000d5d80000,0x00000000d5f00000,0x00000000d5f00000)
  to   space 2560K, 0% used [0x00000000d5f80000,0x00000000d5f80000,0x00000000d6200000)
 ParOldGen       total 100864K, used 100395K [0x0000000080000000, 0x0000000086280000, 0x00000000d5580000)
  object space 100864K, 99% used [0x0000000080000000,0x000000008620ae10,0x0000000086280000)
 Metaspace       used 71186K, committed 72704K, reserved 1114112K
  class space    used 7460K, committed 8064K, reserved 1048576K
}
Event: 2055.971 GC heap before
{Heap before GC invocations=133 (full 3):
 PSYoungGen      total 9216K, used 9216K [0x00000000d5580000, 0x00000000d6200000, 0x0000000100000000)
  eden space 7680K, 100% used [0x00000000d5580000,0x00000000d5d00000,0x00000000d5d00000)
  from space 1536K, 100% used [0x00000000d5d80000,0x00000000d5f00000,0x00000000d5f00000)
  to   space 2560K, 0% used [0x00000000d5f80000,0x00000000d5f80000,0x00000000d6200000)
 ParOldGen       total 100864K, used 100395K [0x0000000080000000, 0x0000000086280000, 0x00000000d5580000)
  object space 100864K, 99% used [0x0000000080000000,0x000000008620ae10,0x0000000086280000)
 Metaspace       used 71378K, committed 72960K, reserved 1114112K
  class space    used 7492K, committed 8128K, reserved 1048576K
}
Event: 2055.979 GC heap after
{Heap after GC invocations=133 (full 3):
 PSYoungGen      total 9216K, used 1248K [0x00000000d5580000, 0x00000000d6100000, 0x0000000100000000)
  eden space 7680K, 0% used [0x00000000d5580000,0x00000000d5580000,0x00000000d5d00000)
  from space 1536K, 81% used [0x00000000d5f80000,0x00000000d60b8000,0x00000000d6100000)
  to   space 2048K, 0% used [0x00000000d5d00000,0x00000000d5d00000,0x00000000d5f00000)
 ParOldGen       total 101888K, used 101768K [0x0000000080000000, 0x0000000086380000, 0x00000000d5580000)
  object space 101888K, 99% used [0x0000000080000000,0x0000000086362080,0x0000000086380000)
 Metaspace       used 71378K, committed 72960K, reserved 1114112K
  class space    used 7492K, committed 8128K, reserved 1048576K
}
Event: 2057.920 GC heap before
{Heap before GC invocations=134 (full 3):
 PSYoungGen      total 9216K, used 8928K [0x00000000d5580000, 0x00000000d6100000, 0x0000000100000000)
  eden space 7680K, 100% used [0x00000000d5580000,0x00000000d5d00000,0x00000000d5d00000)
  from space 1536K, 81% used [0x00000000d5f80000,0x00000000d60b8000,0x00000000d6100000)
  to   space 2048K, 0% used [0x00000000d5d00000,0x00000000d5d00000,0x00000000d5f00000)
 ParOldGen       total 101888K, used 101768K [0x0000000080000000, 0x0000000086380000, 0x00000000d5580000)
  object space 101888K, 99% used [0x0000000080000000,0x0000000086362080,0x0000000086380000)
 Metaspace       used 71838K, committed 73408K, reserved 1114112K
  class space    used 7542K, committed 8192K, reserved 1048576K
}
Event: 2057.926 GC heap after
{Heap after GC invocations=134 (full 3):
 PSYoungGen      total 9728K, used 538K [0x00000000d5580000, 0x00000000d6000000, 0x0000000100000000)
  eden space 7680K, 0% used [0x00000000d5580000,0x00000000d5580000,0x00000000d5d00000)
  from space 2048K, 26% used [0x00000000d5d00000,0x00000000d5d868c8,0x00000000d5f00000)
  to   space 1024K, 0% used [0x00000000d5f00000,0x00000000d5f00000,0x00000000d6000000)
 ParOldGen       total 102400K, used 102248K [0x0000000080000000, 0x0000000086400000, 0x00000000d5580000)
  object space 102400K, 99% used [0x0000000080000000,0x00000000863da080,0x0000000086400000)
 Metaspace       used 71838K, committed 73408K, reserved 1114112K
  class space    used 7542K, committed 8192K, reserved 1048576K
}
Event: 2175.378 GC heap before
{Heap before GC invocations=135 (full 3):
 PSYoungGen      total 9728K, used 8218K [0x00000000d5580000, 0x00000000d6000000, 0x0000000100000000)
  eden space 7680K, 99% used [0x00000000d5580000,0x00000000d5cffff0,0x00000000d5d00000)
  from space 2048K, 26% used [0x00000000d5d00000,0x00000000d5d868c8,0x00000000d5f00000)
  to   space 1024K, 0% used [0x00000000d5f00000,0x00000000d5f00000,0x00000000d6000000)
 ParOldGen       total 134144K, used 132968K [0x0000000080000000, 0x0000000088300000, 0x00000000d5580000)
  object space 134144K, 99% used [0x0000000080000000,0x00000000881da0b0,0x0000000088300000)
 Metaspace       used 72423K, committed 74048K, reserved 1179648K
  class space    used 7605K, committed 8256K, reserved 1048576K
}
Event: 2175.463 GC heap after
{Heap after GC invocations=135 (full 3):
 PSYoungGen      total 8704K, used 512K [0x00000000d5580000, 0x00000000d6000000, 0x0000000100000000)
  eden space 7680K, 0% used [0x00000000d5580000,0x00000000d5580000,0x00000000d5d00000)
  from space 1024K, 50% used [0x00000000d5f00000,0x00000000d5f80020,0x00000000d6000000)
  to   space 1024K, 0% used [0x00000000d5e00000,0x00000000d5e00000,0x00000000d5f00000)
 ParOldGen       total 134144K, used 133412K [0x0000000080000000, 0x0000000088300000, 0x00000000d5580000)
  object space 134144K, 99% used [0x0000000080000000,0x0000000088249238,0x0000000088300000)
 Metaspace       used 72423K, committed 74048K, reserved 1179648K
  class space    used 7605K, committed 8256K, reserved 1048576K
}
Event: 2175.795 GC heap before
{Heap before GC invocations=136 (full 3):
 PSYoungGen      total 8704K, used 8168K [0x00000000d5580000, 0x00000000d6000000, 0x0000000100000000)
  eden space 7680K, 99% used [0x00000000d5580000,0x00000000d5cfa310,0x00000000d5d00000)
  from space 1024K, 50% used [0x00000000d5f00000,0x00000000d5f80020,0x00000000d6000000)
  to   space 1024K, 0% used [0x00000000d5e00000,0x00000000d5e00000,0x00000000d5f00000)
 ParOldGen       total 134144K, used 133412K [0x0000000080000000, 0x0000000088300000, 0x00000000d5580000)
  object space 134144K, 99% used [0x0000000080000000,0x0000000088249238,0x0000000088300000)
 Metaspace       used 72432K, committed 74048K, reserved 1179648K
  class space    used 7605K, committed 8256K, reserved 1048576K
}
Event: 2175.804 GC heap after
{Heap after GC invocations=136 (full 3):
 PSYoungGen      total 8704K, used 1011K [0x00000000d5580000, 0x00000000d6b00000, 0x0000000100000000)
  eden space 7680K, 0% used [0x00000000d5580000,0x00000000d5580000,0x00000000d5d00000)
  from space 1024K, 98% used [0x00000000d5e00000,0x00000000d5efcd78,0x00000000d5f00000)
  to   space 7168K, 0% used [0x00000000d6400000,0x00000000d6400000,0x00000000d6b00000)
 ParOldGen       total 138752K, used 138482K [0x0000000080000000, 0x0000000088780000, 0x00000000d5580000)
  object space 138752K, 99% used [0x0000000080000000,0x000000008873c860,0x0000000088780000)
 Metaspace       used 72432K, committed 74048K, reserved 1179648K
  class space    used 7605K, committed 8256K, reserved 1048576K
}
Event: 2177.726 GC heap before
{Heap before GC invocations=137 (full 3):
 PSYoungGen      total 8704K, used 8691K [0x00000000d5580000, 0x00000000d6b00000, 0x0000000100000000)
  eden space 7680K, 100% used [0x00000000d5580000,0x00000000d5d00000,0x00000000d5d00000)
  from space 1024K, 98% used [0x00000000d5e00000,0x00000000d5efcd78,0x00000000d5f00000)
  to   space 7168K, 0% used [0x00000000d6400000,0x00000000d6400000,0x00000000d6b00000)
 ParOldGen       total 138752K, used 138482K [0x0000000080000000, 0x0000000088780000, 0x00000000d5580000)
  object space 138752K, 99% used [0x0000000080000000,0x000000008873c860,0x0000000088780000)
 Metaspace       used 72537K, committed 74112K, reserved 1179648K
  class space    used 7627K, committed 8256K, reserved 1048576K
}
Event: 2177.731 GC heap after
{Heap after GC invocations=137 (full 3):
 PSYoungGen      total 10240K, used 2181K [0x00000000d5580000, 0x00000000d6680000, 0x0000000100000000)
  eden space 7680K, 0% used [0x00000000d5580000,0x00000000d5580000,0x00000000d5d00000)
  from space 2560K, 85% used [0x00000000d6400000,0x00000000d66215f8,0x00000000d6680000)
  to   space 3584K, 0% used [0x00000000d5f80000,0x00000000d5f80000,0x00000000d6300000)
 ParOldGen       total 139776K, used 139459K [0x0000000080000000, 0x0000000088880000, 0x00000000d5580000)
  object space 139776K, 99% used [0x0000000080000000,0x0000000088830ee0,0x0000000088880000)
 Metaspace       used 72537K, committed 74112K, reserved 1179648K
  class space    used 7627K, committed 8256K, reserved 1048576K
}

